\BOOKMARK [0][-]{chapter.1}{\376\377\000A\000b\000s\000t\000r\000a\000c\000t}{}% 1
\BOOKMARK [0][-]{chapter.2}{\376\377\000I\000n\000t\000r\000o\000d\000u\000c\000t\000i\000o\000n}{}% 2
\BOOKMARK [1][-]{section.2.1}{\376\377\000P\000r\000o\000b\000l\000e\000m}{chapter.2}% 3
\BOOKMARK [1][-]{section.2.2}{\376\377\000P\000r\000o\000j\000e\000c\000t\000\040\000O\000b\000j\000e\000c\000t\000i\000v\000e\000s}{chapter.2}% 4
\BOOKMARK [2][-]{subsection.2.2.1}{\376\377\000M\000i\000n\000i\000m\000u\000m\000\040\000V\000i\000a\000b\000l\000e\000\040\000P\000r\000o\000d\000u\000c\000t}{section.2.2}% 5
\BOOKMARK [2][-]{subsection.2.2.2}{\376\377\000T\000h\000e\000\040\000M\000a\000i\000n\000\040\000P\000r\000o\000d\000u\000c\000t}{section.2.2}% 6
\BOOKMARK [1][-]{section.2.3}{\376\377\000B\000e\000n\000e\000f\000i\000c\000i\000a\000r\000i\000e\000s}{chapter.2}% 7
\BOOKMARK [0][-]{chapter.3}{\376\377\000O\000u\000t\000p\000u\000t\000\040\000S\000u\000m\000m\000a\000r\000y}{}% 8
\BOOKMARK [1][-]{section.3.1}{\376\377\000U\000n\000i\000t\000y\000\040\000P\000r\000o\000j\000e\000c\000t}{chapter.3}% 9
\BOOKMARK [1][-]{section.3.2}{\376\377\000P\000D\000D}{chapter.3}% 10
\BOOKMARK [1][-]{section.3.3}{\376\377\000G\000i\000t\000\040\000L\000o\000g}{chapter.3}% 11
\BOOKMARK [1][-]{section.3.4}{\376\377\000I\000n\000s\000t\000a\000l\000l\000a\000t\000i\000o\000n\000\040\000D\000o\000c\000u\000m\000e\000n\000t\000\040\000a\000n\000d\000\040\000U\000s\000e\000r\000\040\000G\000u\000i\000d\000e}{chapter.3}% 12
\BOOKMARK [1][-]{section.3.5}{\376\377\000C\000l\000a\000s\000s\000\040\000D\000i\000a\000g\000r\000a\000m}{chapter.3}% 13
\BOOKMARK [0][-]{chapter.4}{\376\377\000L\000i\000t\000e\000r\000a\000t\000u\000r\000e\000\040\000R\000e\000v\000i\000e\000w}{}% 14
\BOOKMARK [0][-]{chapter.5}{\376\377\000M\000e\000t\000h\000o\000d}{}% 15
\BOOKMARK [1][-]{section.5.1}{\376\377\000S\000o\000f\000t\000w\000a\000r\000e\000\040\000D\000e\000s\000i\000g\000n\000\040\000M\000e\000t\000h\000o\000d\000o\000l\000o\000g\000y}{chapter.5}% 16
\BOOKMARK [1][-]{section.5.2}{\376\377\000P\000r\000o\000g\000r\000a\000m\000m\000i\000n\000g\000\040\000P\000a\000t\000t\000e\000r\000n\000s}{chapter.5}% 17
\BOOKMARK [1][-]{section.5.3}{\376\377\000T\000o\000o\000l\000s}{chapter.5}% 18
\BOOKMARK [2][-]{subsection.5.3.1}{\376\377\000U\000n\000i\000t\000y\000\040\000\050\000G\000a\000m\000e\000\040\000E\000n\000g\000i\000n\000e\000\051}{section.5.3}% 19
\BOOKMARK [2][-]{subsection.5.3.2}{\376\377\000J\000e\000t\000B\000r\000a\000i\000n\000s\000\040\000R\000i\000d\000e\000r\000\040\000\050\000I\000D\000E\000\051}{section.5.3}% 20
\BOOKMARK [2][-]{subsection.5.3.3}{\376\377\000G\000i\000t\000H\000u\000b}{section.5.3}% 21
\BOOKMARK [2][-]{subsection.5.3.4}{\376\377\000B\000l\000e\000n\000d\000e\000r}{section.5.3}% 22
\BOOKMARK [2][-]{subsection.5.3.5}{\376\377\000A\000d\000o\000b\000e\000\040\000I\000l\000l\000u\000s\000t\000r\000a\000t\000o\000r}{section.5.3}% 23
\BOOKMARK [2][-]{subsection.5.3.6}{\376\377\000d\000i\000a\000g\000r\000a\000m\000s\000.\000n\000e\000t}{section.5.3}% 24
\BOOKMARK [1][-]{section.5.4}{\376\377\000S\000o\000f\000t\000w\000a\000r\000e\000\040\000D\000e\000s\000i\000g\000n}{chapter.5}% 25
\BOOKMARK [2][-]{subsection.5.4.1}{\376\377\000M\000o\000d\000e\000l\000l\000i\000n\000g\000\040\000A\000c\000t\000i\000o\000n\000s}{section.5.4}% 26
\BOOKMARK [2][-]{subsection.5.4.2}{\376\377\000C\000l\000a\000s\000s\000\040\000D\000i\000a\000g\000r\000a\000m\000s}{section.5.4}% 27
\BOOKMARK [2][-]{subsection.5.4.3}{\376\377\000U\000s\000e\000r\000\040\000I\000n\000t\000e\000r\000f\000a\000c\000e\000\040\000\050\000U\000I\000\051}{section.5.4}% 28
\BOOKMARK [1][-]{section.5.5}{\376\377\000P\000r\000o\000j\000e\000c\000t\000\040\000O\000b\000j\000e\000c\000t\000i\000v\000e\000s}{chapter.5}% 29
\BOOKMARK [0][-]{chapter.6}{\376\377\000R\000e\000s\000u\000l\000t}{}% 30
\BOOKMARK [1][-]{section.6.1}{\376\377\000U\000n\000i\000t\000y\000\040\000P\000r\000o\000j\000e\000c\000t}{chapter.6}% 31
\BOOKMARK [1][-]{section.6.2}{\376\377\000M\000i\000n\000i\000m\000u\000m\000\040\000V\000i\000a\000b\000l\000e\000\040\000P\000r\000o\000d\000u\000c\000t}{chapter.6}% 32
\BOOKMARK [2][-]{subsection.6.2.1}{\376\377\000M\000o\000d\000e\000l\000l\000i\000n\000g\000\040\000t\000h\000e\000\040\000A\000c\000t\000i\000o\000n\000s}{section.6.2}% 33
\BOOKMARK [2][-]{subsection.6.2.2}{\376\377\000C\000l\000a\000s\000s\000\040\000D\000i\000a\000g\000r\000a\000m}{section.6.2}% 34
\BOOKMARK [2][-]{subsection.6.2.3}{\376\377\000C\000r\000e\000a\000t\000u\000r\000e\000s\000\040\000a\000n\000d\000\040\000A\000I}{section.6.2}% 35
\BOOKMARK [2][-]{subsection.6.2.4}{\376\377\000P\000l\000a\000y\000e\000r}{section.6.2}% 36
\BOOKMARK [2][-]{subsection.6.2.5}{\376\377\000U\000I}{section.6.2}% 37
\BOOKMARK [2][-]{subsection.6.2.6}{\376\377\000U\000n\000i\000t\000y\000\040\000S\000c\000e\000n\000e\000\040\000/\000\040\000L\000e\000v\000e\000l}{section.6.2}% 38
\BOOKMARK [1][-]{section.6.3}{\376\377\000M\000a\000i\000n\000\040\000P\000r\000o\000d\000u\000c\000t}{chapter.6}% 39
\BOOKMARK [2][-]{subsection.6.3.1}{\376\377\000C\000r\000e\000a\000t\000u\000r\000e\000s\000\040\000a\000n\000d\000\040\000A\000I}{section.6.3}% 40
\BOOKMARK [2][-]{subsection.6.3.2}{\376\377\000P\000l\000a\000y\000e\000r}{section.6.3}% 41
\BOOKMARK [2][-]{subsection.6.3.3}{\376\377\000H\000e\000a\000l\000t\000h}{section.6.3}% 42
\BOOKMARK [2][-]{subsection.6.3.4}{\376\377\000S\000t\000a\000m\000i\000n\000a}{section.6.3}% 43
\BOOKMARK [2][-]{subsection.6.3.5}{\376\377\000H\000u\000n\000g\000e\000r}{section.6.3}% 44
\BOOKMARK [2][-]{subsection.6.3.6}{\376\377\000U\000s\000e\000r\000\040\000I\000n\000t\000e\000r\000f\000a\000c\000e\000\040\000c\000h\000a\000n\000g\000e\000s}{section.6.3}% 45
\BOOKMARK [2][-]{subsection.6.3.7}{\376\377\000L\000e\000v\000e\000l\000\040\000C\000r\000e\000a\000t\000i\000o\000n}{section.6.3}% 46
\BOOKMARK [0][-]{chapter.7}{\376\377\000C\000o\000n\000c\000l\000u\000s\000i\000o\000n\000\040\000a\000n\000d\000\040\000D\000i\000s\000c\000u\000s\000s\000i\000o\000n}{}% 47
\BOOKMARK [1][-]{section.7.1}{\376\377\000O\000b\000j\000e\000c\000t\000i\000v\000e\000s\000\040\000R\000e\000t\000r\000o\000s\000p\000e\000c\000t\000i\000v\000e}{chapter.7}% 48
\BOOKMARK [1][-]{section.7.2}{\376\377\000W\000o\000r\000k\000\040\000a\000n\000d\000\040\000t\000i\000m\000e\000-\000m\000a\000n\000a\000g\000e\000m\000e\000n\000t}{chapter.7}% 49
\BOOKMARK [1][-]{section.7.3}{\376\377\000F\000u\000r\000t\000h\000e\000r\000\040\000I\000m\000p\000r\000o\000v\000e\000m\000e\000n\000t\000s}{chapter.7}% 50
\BOOKMARK [1][-]{section.7.4}{\376\377\000F\000i\000n\000a\000l\000\040\000W\000o\000r\000d\000s}{chapter.7}% 51
\BOOKMARK [0][-]{chapter.8}{\376\377\000G\000l\000o\000s\000s\000a\000r\000y}{}% 52
\BOOKMARK [1][-]{section.8.1}{\376\377\000A\000I}{chapter.8}% 53
\BOOKMARK [1][-]{section.8.2}{\376\377\000t\000h\000e\000\040\000A\000u\000t\000h\000o\000r}{chapter.8}% 54
\BOOKMARK [1][-]{section.8.3}{\376\377\000C\000o\000l\000l\000i\000d\000e\000r}{chapter.8}% 55
\BOOKMARK [1][-]{section.8.4}{\376\377\000E\000C\000S}{chapter.8}% 56
\BOOKMARK [1][-]{section.8.5}{\376\377\000G\000a\000m\000e\000O\000b\000j\000e\000c\000t\000\040\000/\000\040\000g\000a\000m\000e\000\040\000o\000b\000j\000e\000c\000t}{chapter.8}% 57
\BOOKMARK [1][-]{section.8.6}{\376\377\000G\000O\000A\000P}{chapter.8}% 58
\BOOKMARK [1][-]{section.8.7}{\376\377\000I\000n\000-\000f\000i\000g\000h\000t\000i\000n\000g}{chapter.8}% 59
\BOOKMARK [1][-]{section.8.8}{\376\377\000P\000D\000D}{chapter.8}% 60
\BOOKMARK [1][-]{section.8.9}{\376\377\000R\000a\000g\000d\000o\000l\000l}{chapter.8}% 61
\BOOKMARK [1][-]{section.8.10}{\376\377\000R\000i\000g\000i\000d\000b\000o\000d\000y}{chapter.8}% 62
\BOOKMARK [1][-]{section.8.11}{\376\377\000U\000n\000i\000t\000y}{chapter.8}% 63
\BOOKMARK [0][-]{chapter.9}{\376\377\000A\000s\000s\000e\000t\000\040\000L\000i\000s\000t\000i\000n\000g}{}% 64
\BOOKMARK [1][-]{section.9.1}{\376\377\000F\000o\000n\000t\000s}{chapter.9}% 65
\BOOKMARK [1][-]{section.9.2}{\376\377\000M\000o\000d\000e\000l\000s}{chapter.9}% 66
\BOOKMARK [1][-]{section.9.3}{\376\377\000T\000e\000x\000t\000u\000r\000e\000s}{chapter.9}% 67
\BOOKMARK [1][-]{section.9.4}{\376\377\000C\000o\000d\000e}{chapter.9}% 68
